    Checking regex-automata v0.4.8
    Checking toml_edit v0.22.22
    Checking toml v0.8.19
    Checking regex v1.11.0
    Checking tracing-subscriber v0.3.18
    Checking sp-panic-handler v13.0.0
    Checking sp-tracing v17.0.1
    Checking sp-runtime-interface v28.0.0
    Checking sp-core v34.0.0
    Checking sp-trie v37.0.0
    Checking sp-keystore v0.40.0
    Checking sp-state-machine v0.43.0
    Checking sp-io v38.0.0
    Checking sp-application-crypto v38.0.0
    Checking sp-runtime v39.0.2
    Checking sp-version v37.0.0
    Checking sp-inherents v34.0.0
    Checking sp-staking v36.0.0
    Checking staging-xcm v14.2.0
    Checking polkadot-core-primitives v15.0.0
    Checking polkadot-parachain-primitives v14.0.0
    Checking sp-api v34.0.0
    Checking sp-genesis-builder v0.15.1
    Checking frame-support v38.0.0
    Checking sp-timestamp v34.0.0
    Checking frame-system v38.0.0
    Checking frame-benchmarking v38.0.0
    Checking pallet-asset-conversion v20.0.0
    Checking pallet-transaction-payment v38.0.0
    Checking pallet-balances v39.0.0
    Checking pallet-insecure-randomness-collective-flip v26.0.0
    Checking pallet-timestamp v37.0.0
    Checking staging-xcm-executor v17.0.0
